(---------------------------------------------------------------------)
(                                                                     )
(    NC DRILL Log                                                     )
(                                                                     )
(    Drawing          : EmberBase.brd                                 )
(    Software Version : 17.4S037                                      )
(    Date/Time        : Sat Nov 23 18:30:04 2024                      )
(                                                                     )
(---------------------------------------------------------------------)



 Processing NC Parameters file 'nc_param.txt' ...

 NC PARAMETERS
 -------------

 FORMAT   		3.5
 MACHINE-OFFSET		x:0.00000	y:0.00000   (inch)
 FEEDRATE		1
 COORDINATES		ABSOLUTE
 OUTPUT-UNITS		ENGLISH
 TOOL-ORDER		INCREASING
 REPEAT-CODES		YES
 SUPPRESS-LEAD-ZEROES	NO
 SUPPRESS-TRAIL-ZEROES	NO
 SUPPRESS-EQUAL		NO
 TOOL-SELECT		NO
 HEADER			none
 LEADER			12
 CODE			ASCII
 SEPARATE		NO
 SEPARATE-ROUTING	NO
 OPTIMIZE_DRILLING	NO
 ENHANCED_EXCELLON	YES
 SCALE			1.000000

 WARNING(SPMHMF-360): Design precision is greater than that of the drill output file data.
 WARNING(SPMHMF-361): Data rounding errors are very possible.
 WARNING(SPMHMF-365): This design contains 4 slot holes that cannot be drilled.
 WARNING(SPMHMF-366): They can be processed by NC routing instead.


 Drill files being output to directory 'D:/Projects/Ember/01.Hardware/02.Base/02.PCB/Gerber' ...



     'EmberBase-1-2.drl' created for holes connecting TOP and BOTTOM
     ---------------------------------------------------------------

           Num     Size      +/- Tolerance     Plating   Quantity

            1.  12.0000    0.0000/  0.0000      PLATED         75
            2.  40.0000    0.0000/  0.0000      PLATED         68

     ---- Total holes:                                        143

     ---- Total head travel:              3.48 feet (1.06 meters)

