(---------------------------------------------------------------------)
(                                                                     )
(    ARTWORK LOG                                                      )
(                                                                     )
(    Drawing          : EmberBase.brd                                 )
(    Software Version : 17.4S037                                      )
(    Date/Time        : Sat Nov 23 18:30:32 2024                      )
(                                                                     )
(---------------------------------------------------------------------)


 ---- Photoplot outline rectangle not found; using drawing extents.



Results from parameter file ...
    DEVICE-TYPE           GERBER_RS274X
    OUTPUT-UNITS          INCHES
    FILM-SIZE             2400000 1600000
    FORMAT                3.5
    ABORT-ON-ERROR        NO
    SCALE                 1
    SUPPRESS-LEAD-ZEROES  YES
    SUPPRESS-TRAIL-ZEROES NO
    SUPPRESS-EQUAL        YES
    UNDEF-APT-CONT        NO



================================================================
     PROCESSING FILM < OUTLINE >
     TO FILE < D:/Projects/Ember/01.Hardware/02.Base/02.PCB/Gerber/OUTLINE.art > ...
================================================================

  FILM PARAMETERS :
  ---------------------------------------------------------
  Undefined line width                6.000 MIL
  Mirror code                         NONE
  Rotate angle                        NONE
  Offset x:                           0.000
  Offset y:                           0.000
  Plot negative                       NO
  Suppress unconnected internal pads  NO
  Draw holes only                     NO



  APERTURES USED (UNIT = IN):
  ---------------------------------------------------------
  TYPE       SIZE/NAME                   ROT   MIRROR MODE 
  ---------------------------------------------------------
  CIRCLE     0.00600                                  DARK 

     OUTLINE created.


================================================================
     PROCESSING FILM < PASTTOP >
     TO FILE < D:/Projects/Ember/01.Hardware/02.Base/02.PCB/Gerber/PASTTOP.art > ...
================================================================

  FILM PARAMETERS :
  ---------------------------------------------------------
  Undefined line width                6.000 MIL
  Mirror code                         NONE
  Rotate angle                        NONE
  Offset x:                           0.000
  Offset y:                           0.000
  Plot negative                       NO
  Suppress unconnected internal pads  NO
  Draw holes only                     NO



  APERTURES USED (UNIT = IN):
  ---------------------------------------------------------
  TYPE       SIZE/NAME                   ROT   MIRROR MODE 
  ---------------------------------------------------------
  SQUARE     0.03600                     0.000 NO     DARK 
  RECTANGLE  0.01180     x 0.06300      90.000 NO     DARK 
  RECTANGLE  0.03000     x 0.03200       0.000 NO     DARK 
  RECTANGLE  0.03000     x 0.03200      90.000 NO     DARK 
  RECTANGLE  0.03000     x 0.04000       0.000 NO     DARK 
  RECTANGLE  0.03150     x 0.07090      90.000 NO     DARK 
  RECTANGLE  0.03600     x 0.05000       0.000 NO     DARK 
  RECTANGLE  0.04500     x 0.05000       0.000 NO     DARK 
  RECTANGLE  0.05120     x 0.05910       0.000 NO     DARK 
  RECTANGLE  0.05510     x 0.04720      90.000 NO     DARK 
  RECTANGLE  0.06200     x 0.02650       0.000 NO     DARK 
  RECTANGLE  0.06920     x 0.05100      90.000 NO     DARK 
  RECTANGLE  0.14760     x 0.11020       0.000 NO     DARK 
  RECTANGLE  0.17320     x 0.11020       0.000 NO     DARK 
  OBLONG     0.01100     x 0.06380       0.000 NO     DARK 
  PAD SHAPE  SOT-89-MASK                 0.000 NO     DARK 

     PASTTOP created.


================================================================
     PROCESSING FILM < SOLDBOT >
     TO FILE < D:/Projects/Ember/01.Hardware/02.Base/02.PCB/Gerber/SOLDBOT.art > ...
================================================================

  FILM PARAMETERS :
  ---------------------------------------------------------
  Undefined line width                6.000 MIL
  Mirror code                         NONE
  Rotate angle                        NONE
  Offset x:                           0.000
  Offset y:                           0.000
  Plot negative                       NO
  Suppress unconnected internal pads  NO
  Draw holes only                     NO



  APERTURES USED (UNIT = IN):
  ---------------------------------------------------------
  TYPE       SIZE/NAME                   ROT   MIRROR MODE 
  ---------------------------------------------------------
  CIRCLE     0.07000                                  DARK 
  SQUARE     0.07000                     0.000 NO     DARK 
  OBLONG     0.05120     x 0.07490      90.000 NO     DARK 
  OBLONG     0.05200     x 0.08300      90.000 NO     DARK 

     SOLDBOT created.


================================================================
     PROCESSING FILM < SOLDTOP >
     TO FILE < D:/Projects/Ember/01.Hardware/02.Base/02.PCB/Gerber/SOLDTOP.art > ...
================================================================

  FILM PARAMETERS :
  ---------------------------------------------------------
  Undefined line width                6.000 MIL
  Mirror code                         NONE
  Rotate angle                        NONE
  Offset x:                           0.000
  Offset y:                           0.000
  Plot negative                       NO
  Suppress unconnected internal pads  NO
  Draw holes only                     NO



  APERTURES USED (UNIT = IN):
  ---------------------------------------------------------
  TYPE       SIZE/NAME                   ROT   MIRROR MODE 
  ---------------------------------------------------------
  CIRCLE     0.07000                                  DARK 
  SQUARE     0.03994                     0.000 NO     DARK 
  SQUARE     0.07000                     0.000 NO     DARK 
  RECTANGLE  0.01580     x 0.05520      90.000 NO     DARK 
  RECTANGLE  0.01580     x 0.06690      90.000 NO     DARK 
  RECTANGLE  0.03540     x 0.07480      90.000 NO     DARK 
  RECTANGLE  0.03994     x 0.05394       0.000 NO     DARK 
  RECTANGLE  0.04000     x 0.04200       0.000 NO     DARK 
  RECTANGLE  0.04000     x 0.04200      90.000 NO     DARK 
  RECTANGLE  0.04000     x 0.05000       0.000 NO     DARK 
  RECTANGLE  0.05100     x 0.05600       0.000 NO     DARK 
  RECTANGLE  0.05510     x 0.06300       0.000 NO     DARK 
  RECTANGLE  0.06310     x 0.05520      90.000 NO     DARK 
  RECTANGLE  0.06600     x 0.03050       0.000 NO     DARK 
  RECTANGLE  0.07320     x 0.05500      90.000 NO     DARK 
  RECTANGLE  0.15160     x 0.11420       0.000 NO     DARK 
  RECTANGLE  0.17720     x 0.11420       0.000 NO     DARK 
  OBLONG     0.01900     x 0.07180       0.000 NO     DARK 
  OBLONG     0.05120     x 0.07490      90.000 NO     DARK 
  OBLONG     0.05200     x 0.08300      90.000 NO     DARK 
  PAD SHAPE  SOT-89-MASK                 0.000 NO     DARK 

     SOLDTOP created.


================================================================
     PROCESSING FILM < SILKBOT >
     TO FILE < D:/Projects/Ember/01.Hardware/02.Base/02.PCB/Gerber/SILKBOT.art > ...
================================================================

  FILM PARAMETERS :
  ---------------------------------------------------------
  Undefined line width                6.000 MIL
  Mirror code                         NONE
  Rotate angle                        NONE
  Offset x:                           0.000
  Offset y:                           0.000
  Plot negative                       NO
  Suppress unconnected internal pads  NO
  Draw holes only                     NO



  APERTURES USED:  NONE
     SILKBOT created.


================================================================
     PROCESSING FILM < SILKTOP >
     TO FILE < D:/Projects/Ember/01.Hardware/02.Base/02.PCB/Gerber/SILKTOP.art > ...
================================================================

  FILM PARAMETERS :
  ---------------------------------------------------------
  Undefined line width                6.000 MIL
  Mirror code                         NONE
  Rotate angle                        NONE
  Offset x:                           0.000
  Offset y:                           0.000
  Plot negative                       NO
  Suppress unconnected internal pads  NO
  Draw holes only                     NO



  APERTURES USED (UNIT = IN):
  ---------------------------------------------------------
  TYPE       SIZE/NAME                   ROT   MIRROR MODE 
  ---------------------------------------------------------
  CIRCLE     0.00390                                  DARK 
  CIRCLE     0.00500                                  DARK 
  CIRCLE     0.00600                                  DARK 
  CIRCLE     0.00790                                  DARK 
  CIRCLE     0.01000                                  DARK 
  CIRCLE     0.01180                                  DARK 

     SILKTOP created.


================================================================
     PROCESSING FILM < 02.BOTTOM >
     TO FILE < D:/Projects/Ember/01.Hardware/02.Base/02.PCB/Gerber/02.BOTTOM > ...
================================================================

  FILM PARAMETERS :
  ---------------------------------------------------------
  Undefined line width                6.000 MIL
  Mirror code                         NONE
  Rotate angle                        NONE
  Offset x:                           0.000
  Offset y:                           0.000
  Plot negative                       NO
  Suppress unconnected internal pads  NO
  Draw holes only                     NO

    WARNING: Segment with same start and end points at
	(192.179 769.693) will be ignored. Increasing output
	accuracy may allow segment to be generated.

    WARNING: Segment with same start and end points at
	(148.533 769.689) will be ignored. Increasing output
	accuracy may allow segment to be generated.

    WARNING: Segment with same start and end points at
	(192.179 413.012) will be ignored. Increasing output
	accuracy may allow segment to be generated.

    WARNING: Segment with same start and end points at
	(148.533 413.007) will be ignored. Increasing output
	accuracy may allow segment to be generated.

    WARNING: Segment with same start and end points at
	(1311.754 1002.764) will be ignored. Increasing output
	accuracy may allow segment to be generated.

    WARNING: Segment with same start and end points at
	(1333.575 980.939) will be ignored. Increasing output
	accuracy may allow segment to be generated.

    WARNING: Segment with same start and end points at
	(1355.400 1002.759) will be ignored. Increasing output
	accuracy may allow segment to be generated.

    WARNING: Segment with same start and end points at
	(1311.754 1359.441) will be ignored. Increasing output
	accuracy may allow segment to be generated.

    WARNING: Segment with same start and end points at
	(1333.575 1381.266) will be ignored. Increasing output
	accuracy may allow segment to be generated.

    WARNING: Segment with same start and end points at
	(1442.003 452.997) will be ignored. Increasing output
	accuracy may allow segment to be generated.



  APERTURES USED (UNIT = IN):
  ---------------------------------------------------------
  TYPE       SIZE/NAME                   ROT   MIRROR MODE 
  ---------------------------------------------------------
  CIRCLE     0.00600                                  DARK 
  CIRCLE     0.01000                                  DARK 
  CIRCLE     0.02000                                  DARK 
  CIRCLE     0.02400                                  DARK 
  CIRCLE     0.06000                                  DARK 
  SQUARE     0.06000                     0.000 NO     DARK 
  OBLONG     0.04720     x 0.07090      90.000 NO     DARK 
  OBLONG     0.04720     x 0.07870      90.000 NO     DARK 

     02.BOTTOM created with warnings


================================================================
     PROCESSING FILM < 01.TOP >
     TO FILE < D:/Projects/Ember/01.Hardware/02.Base/02.PCB/Gerber/01.TOP > ...
================================================================

  FILM PARAMETERS :
  ---------------------------------------------------------
  Undefined line width                5.000 MIL
  Mirror code                         NONE
  Rotate angle                        NONE
  Offset x:                           0.000
  Offset y:                           0.000
  Plot negative                       NO
  Suppress unconnected internal pads  NO
  Draw holes only                     NO

    WARNING: Segment with same start and end points at
	(1562.000 511.000) will be ignored. Increasing output
	accuracy may allow segment to be generated.

    WARNING: Segment with same start and end points at
	(148.533 769.694) will be ignored. Increasing output
	accuracy may allow segment to be generated.

    WARNING: Segment with same start and end points at
	(148.533 413.007) will be ignored. Increasing output
	accuracy may allow segment to be generated.

    WARNING: Segment with same start and end points at
	(1333.575 1381.266) will be ignored. Increasing output
	accuracy may allow segment to be generated.

    WARNING: Segment with same start and end points at
	(1355.400 1002.764) will be ignored. Increasing output
	accuracy may allow segment to be generated.

    WARNING: Segment with same start and end points at
	(1333.579 980.939) will be ignored. Increasing output
	accuracy may allow segment to be generated.



  APERTURES USED (UNIT = IN):
  ---------------------------------------------------------
  TYPE       SIZE/NAME                   ROT   MIRROR MODE 
  ---------------------------------------------------------
  CIRCLE     0.00600                                  DARK 
  CIRCLE     0.01000                                  DARK 
  CIRCLE     0.02000                                  DARK 
  CIRCLE     0.02400                                  DARK 
  CIRCLE     0.06000                                  DARK 
  SQUARE     0.03600                     0.000 NO     DARK 
  SQUARE     0.06000                     0.000 NO     DARK 
  RECTANGLE  0.01180     x 0.05120      90.000 NO     DARK 
  RECTANGLE  0.01180     x 0.06300      90.000 NO     DARK 
  RECTANGLE  0.03000     x 0.03200       0.000 NO     DARK 
  RECTANGLE  0.03000     x 0.03200      90.000 NO     DARK 
  RECTANGLE  0.03000     x 0.04000       0.000 NO     DARK 
  RECTANGLE  0.03150     x 0.07090      90.000 NO     DARK 
  RECTANGLE  0.03600     x 0.05000       0.000 NO     DARK 
  RECTANGLE  0.04500     x 0.05000       0.000 NO     DARK 
  RECTANGLE  0.05120     x 0.05910       0.000 NO     DARK 
  RECTANGLE  0.05510     x 0.04720      90.000 NO     DARK 
  RECTANGLE  0.06200     x 0.02650       0.000 NO     DARK 
  RECTANGLE  0.06920     x 0.05100      90.000 NO     DARK 
  RECTANGLE  0.14760     x 0.11020       0.000 NO     DARK 
  RECTANGLE  0.17320     x 0.11020       0.000 NO     DARK 
  OBLONG     0.01100     x 0.06380       0.000 NO     DARK 
  OBLONG     0.04720     x 0.07090      90.000 NO     DARK 
  OBLONG     0.04720     x 0.07870      90.000 NO     DARK 
  PAD SHAPE  SOT-89                      0.000 NO     DARK 

     01.TOP created with warnings


================================================================
     PROCESSING FILM < PASTBOT >
     TO FILE < D:/Projects/Ember/01.Hardware/02.Base/02.PCB/Gerber/PASTBOT.art > ...
================================================================

  FILM PARAMETERS :
  ---------------------------------------------------------
  Undefined line width                6.000 MIL
  Mirror code                         NONE
  Rotate angle                        NONE
  Offset x:                           0.000
  Offset y:                           0.000
  Plot negative                       NO
  Suppress unconnected internal pads  NO
  Draw holes only                     NO



  APERTURES USED:  NONE
     PASTBOT created.


------------------------------------------------------
 SUMMARY:
        OUTLINE created.
        PASTTOP created.
        SOLDBOT created.
        SOLDTOP created.
        SILKBOT created.
        SILKTOP created.
        02.BOTTOM created with warnings
        01.TOP created with warnings
        PASTBOT created.

 ARTWORK had warnings
